{
  "RSpec": {
    "coverage": {
      "/home/englishturner-41527/code/labs/tic-tac-toe-rb-ruby-intro-kwk/lib/tic_tac_toe.rb": [
        null,
        1,
        0,
        null,
        null,
        1,
        null,
        null,
        null,
        null,
        null,
        null,
        null,
        null,
        null,
        null,
        null,
        1,
        25,
        25,
        25,
        25,
        25,
        null,
        null,
        1,
        23,
        null,
        null,
        1,
        22,
        null,
        null,
        1,
        25,
        null,
        null,
        1,
        23,
        null,
        null,
        1,
        20,
        20,
        20,
        20,
        19,
        null,
        1,
        null,
        20,
        null,
        null,
        1,
        38,
        38,
        342,
        57,
        null,
        null,
        38,
        null,
        null,
        1,
        37,
        null,
        null,
        1,
        null,
        53,
        356,
        356,
        356,
        null,
        356,
        356,
        356,
        null,
        356,
        14,
        null,
        4,
        null,
        338,
        null,
        null,
        null,
        null,
        1,
        93,
        10,
        null,
        5,
        null,
        null,
        null,
        1,
        16,
        4,
        null,
        12,
        null,
        null,
        null,
        1,
        21,
        null,
        null,
        null,
        null,
        null,
        null,
        null,
        null,
        null,
        null,
        1,
        7,
        6,
        null,
        null,
        null,
        1,
        12,
        17,
        17,
        null,
        null,
        12,
        5,
        null,
        7,
        null,
        null
      ]
    },
    "timestamp": 1493512095
  }
}
